(---------------------------------------------------------------------)
(                                                                     )
(    QUICKPLACE LOG                                                   )
(                                                                     )
(    Drawing          : POWER.brd                                     )
(    Software Version : 17.4S037                                      )
(    Date/Time        : Tue Jan 23 17:57:50 2024                      )
(                                                                     )
(---------------------------------------------------------------------)


State: Placing on layer TOP

         Placed symbol:  U8 / HUSB238_DFN-10L-EP_HUSB238_E08U066 / DFN-10L-EP at (1.8555 52.3934)
         Placed symbol:  Q2 / RU30L30M-VB_DFN-8-3X3-EP_RU30L30M-VB_E06Q018 / DFN-8-3X3-EP at (5.4158 52.5080)
         Placed symbol:  C85 / C_C0603_4.71UF_E02C001 / C0603 at (8.4940 50.7772)
         Placed symbol:  R26 / R_R0603_1K(NC)_E01R001 / R0603 at (11.2474 50.7772)
         Placed symbol:  C84 / C_C0603_4.71UF_E02C001 / C0603 at (14.0008 50.7772)
         Placed symbol:  C82 / C_C0603_1UF_E02C001 / C0603 at (16.7542 50.7772)
         Placed symbol:  C83 / C_C0603_1UF_E02C001 / C0603 at (19.5076 50.7772)
         Placed symbol:  R24 / R_R0603_1K_E01R001 / R0603 at (22.2610 50.7772)
         Placed symbol:  R25 / R_R0603_1K_E01R001 / R0603 at (25.0144 50.7772)


Placed 9 of 9 applicable (9 total) symbols.

-----------------------------------------------------------------------

